<?xml version="1.0" encoding="UTF-8"?>
<testng-results ignored="0" total="5" passed="5" failed="0" skipped="0">
  <reporter-output>
  </reporter-output>
  <suite started-at="2022-12-08T14:25:40 IST" name="Default suite" finished-at="2022-12-08T14:26:56 IST" duration-ms="75373">
    <groups>
      <group name="Measure">
        <method signature="MeasurementSets.clickProd()[pri:0, instance:productextras.MeasurementSets@6a400542]" name="clickProd" class="productextras.MeasurementSets"/>
        <method signature="MeasurementSets.editView()[pri:3, instance:productextras.MeasurementSets@6a400542]" name="editView" class="productextras.MeasurementSets"/>
        <method signature="MeasurementSets.measure()[pri:1, instance:productextras.MeasurementSets@6a400542]" name="measure" class="productextras.MeasurementSets"/>
        <method signature="MeasurementSets.remove()[pri:4, instance:productextras.MeasurementSets@6a400542]" name="remove" class="productextras.MeasurementSets"/>
        <method signature="MeasurementSets.search()[pri:2, instance:productextras.MeasurementSets@6a400542]" name="search" class="productextras.MeasurementSets"/>
      </group> <!-- Measure -->
    </groups>
    <test started-at="2022-12-08T14:25:40 IST" name="Default test" finished-at="2022-12-08T14:26:56 IST" duration-ms="75373">
      <class name="productextras.MeasurementSets">
        <test-method is-config="true" signature="openBrowser()[pri:0, instance:productextras.MeasurementSets@6a400542]" started-at="2022-12-08T14:25:38 IST" name="openBrowser" finished-at="2022-12-08T14:25:40 IST" duration-ms="1802" status="PASS">
          <reporter-output>
          </reporter-output>
        </test-method> <!-- openBrowser -->
        <test-method is-config="true" signature="openUrl()[pri:0, instance:productextras.MeasurementSets@6a400542]" started-at="2022-12-08T14:25:40 IST" name="openUrl" finished-at="2022-12-08T14:25:46 IST" duration-ms="5557" status="PASS">
          <reporter-output>
          </reporter-output>
        </test-method> <!-- openUrl -->
        <test-method signature="clickProd()[pri:0, instance:productextras.MeasurementSets@6a400542]" started-at="2022-12-08T14:25:46 IST" name="clickProd" description="clicking on the product" finished-at="2022-12-08T14:25:51 IST" duration-ms="4847" status="PASS">
          <reporter-output>
          </reporter-output>
        </test-method> <!-- clickProd -->
        <test-method signature="measure()[pri:1, instance:productextras.MeasurementSets@6a400542]" started-at="2022-12-08T14:25:51 IST" name="measure" description="adding measurement sets" finished-at="2022-12-08T14:26:12 IST" duration-ms="21413" status="PASS">
          <reporter-output>
          </reporter-output>
        </test-method> <!-- measure -->
        <test-method signature="search()[pri:2, instance:productextras.MeasurementSets@6a400542]" started-at="2022-12-08T14:26:12 IST" name="search" description="serching the measurement sets" finished-at="2022-12-08T14:26:14 IST" duration-ms="1332" status="PASS">
          <reporter-output>
          </reporter-output>
        </test-method> <!-- search -->
        <test-method signature="editView()[pri:3, instance:productextras.MeasurementSets@6a400542]" started-at="2022-12-08T14:26:14 IST" name="editView" description="clicking on editview" finished-at="2022-12-08T14:26:31 IST" duration-ms="17150" status="PASS">
          <reporter-output>
          </reporter-output>
        </test-method> <!-- editView -->
        <test-method signature="remove()[pri:4, instance:productextras.MeasurementSets@6a400542]" started-at="2022-12-08T14:26:31 IST" name="remove" description="removing the measurement sets" finished-at="2022-12-08T14:26:56 IST" duration-ms="24991" status="PASS">
          <reporter-output>
          </reporter-output>
        </test-method> <!-- remove -->
      </class> <!-- productextras.MeasurementSets -->
    </test> <!-- Default test -->
  </suite> <!-- Default suite -->
</testng-results>
