<?xml version="1.0" encoding="UTF-8"?>
<!-- Generated by org.testng.reporters.JUnitXMLReporter -->
<testsuite ignored="0" hostname="DESKTOP-8O9USS3" failures="0" tests="5" name="Default test" time="74.242" errors="0" timestamp="2022-12-03T14:46:10 IST">
  <testcase classname="productextras.MeasurementSets" name="clickProd" time="3.704"/>
  <testcase classname="productextras.MeasurementSets" name="measure" time="21.968"/>
  <testcase classname="productextras.MeasurementSets" name="search" time="1.19"/>
  <testcase classname="productextras.MeasurementSets" name="editView" time="17.313"/>
  <testcase classname="productextras.MeasurementSets" name="remove" time="24.693"/>
</testsuite> <!-- Default test -->
