<?xml version="1.0" encoding="UTF-8"?>
<!-- Generated by org.testng.reporters.JUnitXMLReporter -->
<testsuite ignored="3" hostname="DESKTOP-8O9USS3" failures="0" tests="5" name="Default test" time="85.772" errors="0" timestamp="2022-11-30T12:03:42 IST">
  <testcase classname="addproduct.AddProduct" name="login" time="3.957"/>
  <testcase classname="addproduct.AddProduct" name="add" time="63.305"/>
  <testcase classname="addproduct.AddProduct" name="advancedOptions" time="7.31"/>
  <testcase classname="addproduct.AddProduct" name="sizechart" time="7.889"/>
  <testcase classname="addproduct.AddProduct" name="submit" time="0.497"/>
  <testcase classname="addproduct.AddProduct" name="footnote" time="0.0">
    <ignored/>
  </testcase> <!-- footnote -->
  <testcase classname="addproduct.AddProduct" name="variant" time="0.0">
    <ignored/>
  </testcase> <!-- variant -->
  <testcase classname="addproduct.AddProduct" name="productExtras" time="0.0">
    <ignored/>
  </testcase> <!-- productExtras -->
</testsuite> <!-- Default test -->
