<?xml version="1.0" encoding="UTF-8"?>
<!-- Generated by org.testng.reporters.JUnitXMLReporter -->
<testsuite ignored="4" hostname="DESKTOP-8O9USS3" failures="0" tests="10" name="Test" time="0.145" errors="0" timestamp="2022-12-07T10:14:38 IST">
  <testcase classname="productextras.BaseClass" name="@BeforeSuite openBrowser" time="1.489">
    <failure type="org.openqa.selenium.SessionNotCreatedException" message="session not created: This version of ChromeDriver only supports Chrome version 106
Current browser version is 108.0.5359.95 with binary path C:\Program Files\Google\Chrome\Application\chrome.exe
Build info: version: &amp;apos;3.141.59&amp;apos;, revision: &amp;apos;e82be7d358&amp;apos;, time: &amp;apos;2018-11-14T08:17:03&amp;apos;
System info: host: &amp;apos;DESKTOP-8O9USS3&amp;apos;, ip: &amp;apos;172.16.1.18&amp;apos;, os.name: &amp;apos;Windows 10&amp;apos;, os.arch: &amp;apos;amd64&amp;apos;, os.version: &amp;apos;10.0&amp;apos;, java.version: &amp;apos;17.0.5&amp;apos;
Driver info: driver.version: ChromeDriver
remote stacktrace: Backtrace:
	Ordinal0 [0x01181ED3+2236115]
	Ordinal0 [0x011192F1+1807089]
	Ordinal0 [0x010266FD+812797]
	Ordinal0 [0x01048C6D+953453]
	Ordinal0 [0x01044200+934400]
	Ordinal0 [0x010419C9+924105]
	Ordinal0 [0x0107806C+1146988]
	Ordinal0 [0x01077A6A+1145450]
	Ordinal0 [0x010718A6+1120422]
	Ordinal0 [0x0104A73D+960317]
	Ordinal0 [0x0104B71F+964383]
	GetHandleVerifier [0x0142E7E2+2743074]
	GetHandleVerifier [0x014208D4+2685972]
	GetHandleVerifier [0x01212BAA+532202]
	GetHandleVerifier [0x01211990+527568]
	Ordinal0 [0x0112080C+1837068]
	Ordinal0 [0x01124CD8+1854680]
	Ordinal0 [0x01124DC5+1854917]
	Ordinal0 [0x0112ED64+1895780]
	BaseThreadInitThunk [0x777DFEF9+25]
	RtlGetAppContainerNamedObjectPath [0x77977BBE+286]
	RtlGetAppContainerNamedObjectPath [0x77977B8E+238]
">
      <![CDATA[org.openqa.selenium.SessionNotCreatedException: session not created: This version of ChromeDriver only supports Chrome version 106
Current browser version is 108.0.5359.95 with binary path C:\Program Files\Google\Chrome\Application\chrome.exe
Build info: version: '3.141.59', revision: 'e82be7d358', time: '2018-11-14T08:17:03'
System info: host: 'DESKTOP-8O9USS3', ip: '172.16.1.18', os.name: 'Windows 10', os.arch: 'amd64', os.version: '10.0', java.version: '17.0.5'
Driver info: driver.version: ChromeDriver
remote stacktrace: Backtrace:
Ordinal0 [0x01181ED3+2236115]
Ordinal0 [0x011192F1+1807089]
Ordinal0 [0x010266FD+812797]
Ordinal0 [0x01048C6D+953453]
Ordinal0 [0x01044200+934400]
Ordinal0 [0x010419C9+924105]
Ordinal0 [0x0107806C+1146988]
Ordinal0 [0x01077A6A+1145450]
Ordinal0 [0x010718A6+1120422]
Ordinal0 [0x0104A73D+960317]
Ordinal0 [0x0104B71F+964383]
GetHandleVerifier [0x0142E7E2+2743074]
GetHandleVerifier [0x014208D4+2685972]
GetHandleVerifier [0x01212BAA+532202]
GetHandleVerifier [0x01211990+527568]
Ordinal0 [0x0112080C+1837068]
Ordinal0 [0x01124CD8+1854680]
Ordinal0 [0x01124DC5+1854917]
Ordinal0 [0x0112ED64+1895780]
BaseThreadInitThunk [0x777DFEF9+25]
RtlGetAppContainerNamedObjectPath [0x77977BBE+286]
RtlGetAppContainerNamedObjectPath [0x77977B8E+238]

at org.openqa.selenium.remote.W3CHandshakeResponse.lambda$errorHandler$0(W3CHandshakeResponse.java:62)
at org.openqa.selenium.remote.HandshakeResponse.lambda$getResponseFunction$0(HandshakeResponse.java:30)
at org.openqa.selenium.remote.ProtocolHandshake.lambda$createSession$0(ProtocolHandshake.java:126)
at java.base/java.util.stream.ReferencePipeline$3$1.accept(ReferencePipeline.java:197)
at java.base/java.util.Spliterators$ArraySpliterator.tryAdvance(Spliterators.java:1002)
at java.base/java.util.stream.ReferencePipeline.forEachWithCancel(ReferencePipeline.java:129)
at java.base/java.util.stream.AbstractPipeline.copyIntoWithCancel(AbstractPipeline.java:527)
at java.base/java.util.stream.AbstractPipeline.copyInto(AbstractPipeline.java:513)
at java.base/java.util.stream.AbstractPipeline.wrapAndCopyInto(AbstractPipeline.java:499)
at java.base/java.util.stream.FindOps$FindOp.evaluateSequential(FindOps.java:150)
at java.base/java.util.stream.AbstractPipeline.evaluate(AbstractPipeline.java:234)
at java.base/java.util.stream.ReferencePipeline.findFirst(ReferencePipeline.java:647)
at org.openqa.selenium.remote.ProtocolHandshake.createSession(ProtocolHandshake.java:128)
at org.openqa.selenium.remote.ProtocolHandshake.createSession(ProtocolHandshake.java:74)
at org.openqa.selenium.remote.HttpCommandExecutor.execute(HttpCommandExecutor.java:136)
at org.openqa.selenium.remote.service.DriverCommandExecutor.execute(DriverCommandExecutor.java:83)
at org.openqa.selenium.remote.RemoteWebDriver.execute(RemoteWebDriver.java:552)
at org.openqa.selenium.remote.RemoteWebDriver.startSession(RemoteWebDriver.java:213)
at org.openqa.selenium.remote.RemoteWebDriver.<init>(RemoteWebDriver.java:131)
at org.openqa.selenium.chrome.ChromeDriver.<init>(ChromeDriver.java:181)
at org.openqa.selenium.chrome.ChromeDriver.<init>(ChromeDriver.java:168)
at org.openqa.selenium.chrome.ChromeDriver.<init>(ChromeDriver.java:157)
at productextras.BaseClass.openBrowser(BaseClass.java:44)
... Removed 24 stack frames]]>
    </failure>
  </testcase> <!-- @BeforeSuite openBrowser -->
  <testcase classname="productextras.BaseClass" name="@BeforeTest openUrl" time="-1.670388278501E9">
    <skipped/>
  </testcase> <!-- @BeforeTest openUrl -->
  <testcase classname="productextras.MeasurementSets" name="clickProd" time="0.0">
    <skipped/>
  </testcase> <!-- clickProd -->
  <testcase classname="productextras.MeasurementSets" name="measure" time="0.0">
    <skipped/>
  </testcase> <!-- measure -->
  <testcase classname="productextras.MeasurementSets" name="search" time="0.0">
    <skipped/>
  </testcase> <!-- search -->
  <testcase classname="productextras.MeasurementSets" name="editView" time="0.0">
    <skipped/>
  </testcase> <!-- editView -->
  <testcase classname="productextras.MeasurementSets" name="remove" time="0.0">
    <skipped/>
  </testcase> <!-- remove -->
  <testcase classname="productextras.Addon" name="clickPro" time="0.0">
    <skipped/>
  </testcase> <!-- clickPro -->
  <testcase classname="productextras.Addon" name="addAddOn" time="0.0">
    <skipped/>
  </testcase> <!-- addAddOn -->
  <testcase classname="productextras.Addon" name="addOnCompare" time="0.0">
    <skipped/>
  </testcase> <!-- addOnCompare -->
  <testcase classname="productextras.Addon" name="remove" time="0.0">
    <skipped/>
  </testcase> <!-- remove -->
  <testcase classname="productextras.Addon" name="buttonSettings" time="0.0">
    <skipped/>
  </testcase> <!-- buttonSettings -->
  <testcase classname="productextras.BaseClass" name="@BeforeTest openUrl" time="0.0">
    <ignored/>
  </testcase> <!-- @BeforeTest openUrl -->
  <testcase classname="productextras.Addon" name="edit" time="0.0">
    <ignored/>
  </testcase> <!-- edit -->
  <testcase classname="productextras.Addon" name="search" time="0.0">
    <ignored/>
  </testcase> <!-- search -->
  <testcase classname="productextras.BaseClass" name="@BeforeSuite openBrowser" time="0.0">
    <ignored/>
  </testcase> <!-- @BeforeSuite openBrowser -->
</testsuite> <!-- Test -->
