<?xml version="1.0" encoding="UTF-8"?>
<!-- Generated by org.testng.reporters.JUnitXMLReporter -->
<testsuite ignored="3" hostname="DESKTOP-8O9USS3" failures="0" tests="11" name="Test" time="120.428" errors="0" timestamp="2022-12-03T16:12:14 IST">
  <testcase classname="productextras.MeasurementSets" name="clickProd" time="6.16"/>
  <testcase classname="productextras.MeasurementSets" name="measure" time="24.187"/>
  <testcase classname="productextras.MeasurementSets" name="search" time="1.041"/>
  <testcase classname="productextras.MeasurementSets" name="editView" time="16.827"/>
  <testcase classname="productextras.MeasurementSets" name="remove" time="24.291"/>
  <testcase classname="productextras.Addon" name="clickPro" time="0.605"/>
  <testcase classname="productextras.Addon" name="addAddOn" time="12.21"/>
  <testcase classname="productextras.Addon" name="search" time="4.839"/>
  <testcase classname="productextras.Addon" name="addOnCompare" time="20.854"/>
  <testcase classname="productextras.Addon" name="remove" time="0.211"/>
  <testcase classname="productextras.Addon" name="buttonSettings" time="3.531"/>
  <testcase classname="productextras.BaseClass" name="@BeforeTest openUrl" time="0.0">
    <ignored/>
  </testcase> <!-- @BeforeTest openUrl -->
  <testcase classname="productextras.Addon" name="edit" time="0.0">
    <ignored/>
  </testcase> <!-- edit -->
  <testcase classname="productextras.BaseClass" name="@BeforeSuite openBrowser" time="0.0">
    <ignored/>
  </testcase> <!-- @BeforeSuite openBrowser -->
</testsuite> <!-- Test -->
